<?xml version="1.0" encoding="UTF-8"?>
<!-- Generated by org.testng.reporters.JUnitReportReporter -->
<testsuite skipped="0" hostname="ip-172-31-7-76" name="com.ecom.test.SeleniumTestNgTestApp.LoadAmazonHomePage" tests="2" failures="0" timestamp="2020-11-28T16:30:55 UTC" time="0.298" errors="0">
  <testcase name="verifyAmazonHomePageTitle" time="0.116" classname="com.ecom.test.SeleniumTestNgTestApp.LoadAmazonHomePage"/>
  <system-out/>
  <testcase name="loadAmazonHomePage" time="0.182" classname="com.ecom.test.SeleniumTestNgTestApp.LoadAmazonHomePage"/>
  <system-out/>
</testsuite> <!-- com.ecom.test.SeleniumTestNgTestApp.LoadAmazonHomePage -->
