<?xml version="1.0" encoding="UTF-8"?>
<!-- Generated by org.testng.reporters.JUnitReportReporter -->
<testsuite skipped="0" hostname="ip-172-31-7-76" name="com.ecom.test.SeleniumTestNgTestApp.LoadAmazonHomePage" tests="2" failures="0" timestamp="2020-11-29T14:43:17 UTC" time="0.311" errors="0">
  <testcase name="verifyAmazonHomePageTitle" time="0.084" classname="com.ecom.test.SeleniumTestNgTestApp.LoadAmazonHomePage"/>
  <system-out/>
  <testcase name="loadAmazonHomePage" time="0.227" classname="com.ecom.test.SeleniumTestNgTestApp.LoadAmazonHomePage"/>
  <system-out/>
</testsuite> <!-- com.ecom.test.SeleniumTestNgTestApp.LoadAmazonHomePage -->
