<?xml version="1.0" encoding="UTF-8"?>
<!-- Generated by org.testng.reporters.JUnitReportReporter -->
<testsuite skipped="0" hostname="ip-172-31-7-76" name="com.ecom.test.SeleniumTestNgTestApp.TestNgAnnotationsTest" tests="2" failures="0" timestamp="2020-11-28T16:15:26 UTC" time="0.010" errors="0">
  <testcase name="testOne" time="0.008" classname="com.ecom.test.SeleniumTestNgTestApp.TestNgAnnotationsTest"/>
  <system-out/>
  <testcase name="testTwo" time="0.002" classname="com.ecom.test.SeleniumTestNgTestApp.TestNgAnnotationsTest"/>
  <system-out/>
</testsuite> <!-- com.ecom.test.SeleniumTestNgTestApp.TestNgAnnotationsTest -->
