<?xml version="1.0" encoding="UTF-8"?>
<!-- Generated by org.testng.reporters.JUnitReportReporter -->
<testsuite skipped="0" hostname="ip-172-31-7-76" name="com.ecom.test.SeleniumTestNgTestApp.GridTest" tests="1" failures="0" timestamp="2020-12-05T13:02:16 UTC" time="2.128" errors="0">
  <testcase name="loadAmazoneHomePageTest" time="2.128" classname="com.ecom.test.SeleniumTestNgTestApp.GridTest"/>
  <system-out/>
</testsuite> <!-- com.ecom.test.SeleniumTestNgTestApp.GridTest -->
