<?xml version="1.0" encoding="UTF-8"?>
<!-- Generated by org.testng.reporters.JUnitReportReporter -->
<testsuite skipped="0" hostname="ip-172-31-7-76" name="com.ecom.test.SeleniumTestNgTestApp.AssertionsTest" tests="3" failures="0" timestamp="2020-11-28T17:55:51 UTC" time="12.041" errors="0">
  <testcase name="loginFaceBook" time="3.286" classname="com.ecom.test.SeleniumTestNgTestApp.AssertionsTest"/>
  <system-out/>
  <testcase name="launchBrowser" time="4.596" classname="com.ecom.test.SeleniumTestNgTestApp.AssertionsTest"/>
  <system-out/>
  <testcase name="verifyfaceBookTitle" time="4.159" classname="com.ecom.test.SeleniumTestNgTestApp.AssertionsTest"/>
  <system-out/>
</testsuite> <!-- com.ecom.test.SeleniumTestNgTestApp.AssertionsTest -->
