<?xml version="1.0" encoding="UTF-8"?>
<!-- Generated by org.testng.reporters.JUnitReportReporter -->
<testsuite skipped="0" hostname="ip-172-31-7-76" name="com.ecom.test.SeleniumGrid.GridTestB" tests="1" failures="0" timestamp="2020-12-05T13:34:35 UTC" time="1.212" errors="0">
  <testcase name="loadAmazoneHomePageTest" time="1.212" classname="com.ecom.test.SeleniumGrid.GridTestB"/>
  <system-out/>
</testsuite> <!-- com.ecom.test.SeleniumGrid.GridTestB -->
