<?xml version="1.0" encoding="UTF-8"?>
<!-- Generated by org.testng.reporters.JUnitReportReporter -->
<testsuite skipped="0" hostname="ip-172-31-7-76" name="com.ecom.test.SeleniumGrid.GridTestA" tests="1" failures="0" timestamp="2020-12-05T13:34:35 UTC" time="3.505" errors="0">
  <testcase name="loadAmazoneHomePageTest" time="3.505" classname="com.ecom.test.SeleniumGrid.GridTestA"/>
  <system-out/>
</testsuite> <!-- com.ecom.test.SeleniumGrid.GridTestA -->
